\BOOKMARK [0][]{chapter*.2}{List of Tables}{}% 1
\BOOKMARK [0][]{chapter*.3}{List of Figures}{}% 2
\BOOKMARK [0][]{chapter.1}{1 Introduction}{}% 3
\BOOKMARK [1][]{section.1.1}{1.1 Aims and Objectives}{chapter.1}% 4
\BOOKMARK [1][]{section.1.2}{1.2 Methodology}{chapter.1}% 5
\BOOKMARK [1][]{section.1.3}{1.3 Research Contribution}{chapter.1}% 6
\BOOKMARK [1][]{section.1.4}{1.4 Thesis Outline}{chapter.1}% 7
\BOOKMARK [0][]{chapter.2}{2 Chapter 2}{}% 8
\BOOKMARK [1][]{section.2.1}{2.1 Font}{chapter.2}% 9
\BOOKMARK [2][]{subsection.2.1.1}{2.1.1 Special characters}{section.2.1}% 10
\BOOKMARK [3][]{subsubsection.2.1.1.1}{2.1.1.1 Subsubsection Title}{subsection.2.1.1}% 11
\BOOKMARK [2][]{subsection.2.1.2}{2.1.2 Wiki page}{section.2.1}% 12
\BOOKMARK [1][]{section.2.2}{2.2 Another Section}{chapter.2}% 13
\BOOKMARK [2][]{subsection.2.2.1}{2.2.1 Another Subsection}{section.2.2}% 14
\BOOKMARK [3][]{subsubsection.2.2.1.1}{2.2.1.1 Another Subsubsection Title}{subsection.2.2.1}% 15
\BOOKMARK [0][]{chapter.3}{3 Math formulae in Latex}{}% 16
\BOOKMARK [1][]{section.3.1}{3.1 Math}{chapter.3}% 17
\BOOKMARK [0][]{chapter.4}{4 Chapter 5}{}% 18
\BOOKMARK [1][]{section.4.1}{4.1 References}{chapter.4}% 19
\BOOKMARK [0][]{chapter.5}{5 Conclusions and Future Directions}{}% 20
\BOOKMARK [1][]{section.5.1}{5.1 Summary}{chapter.5}% 21
\BOOKMARK [1][]{section.5.2}{5.2 Conclusions}{chapter.5}% 22
\BOOKMARK [1][]{section.5.3}{5.3 Contributions}{chapter.5}% 23
\BOOKMARK [1][]{section.5.4}{5.4 Future Work}{chapter.5}% 24
\BOOKMARK [0][]{figure.caption.6}{Appendix A: Insert figure in Appendix}{}% 25
\BOOKMARK [0][]{section*.8}{Appendix B: Insert Text in Appendix}{}% 26
\BOOKMARK [0][]{lstnumber.-1.143}{Appendix C: Insert C++/Java et al. Code in Appendix}{}% 27
