This is pdfTeX, Version 3.14159265-2.6-1.40.20 (TeX Live 2019) (preloaded format=pdflatex 2020.2.5)  26 MAR 2020 17:01
entering extended mode
 restricted \write18 enabled.
 file:line:error style messages enabled.
 %&-line parsing enabled.
**related_research.tex
(./related_research.tex
LaTeX2e <2018-12-01>
./related_research.tex:6: Undefined control sequence.
l.6 \chapter
            {Related Research} % top level followed by section, subsection
? 
./related_research.tex:6: Emergency stop.
l.6 \chapter
            {Related Research} % top level followed by section, subsection
End of file on the terminal!

 
Here is how much of TeX's memory you used:
 5 strings out of 492616
 163 string characters out of 6129482
 57124 words of memory out of 5000000
 4025 multiletter control sequences out of 15000+600000
 3640 words of font info for 14 fonts, out of 8000000 for 9000
 1141 hyphenation exceptions out of 8191
 5i,0n,1p,93b,8s stack positions out of 5000i,500n,10000p,200000b,80000s
./related_research.tex:6:  ==> Fatal error occurred, no output PDF file produce
d!
