\BOOKMARK [0][]{chapter*.2}{List of Tables}{}% 1
\BOOKMARK [0][]{chapter*.3}{List of Figures}{}% 2
\BOOKMARK [0][]{chapter.1}{1 Introduction}{}% 3
\BOOKMARK [1][]{section.1.1}{1.1 Aims and Objectives}{chapter.1}% 4
\BOOKMARK [1][]{section.1.2}{1.2 Methodology}{chapter.1}% 5
\BOOKMARK [1][]{section.1.3}{1.3 Research Contribution}{chapter.1}% 6
\BOOKMARK [1][]{section.1.4}{1.4 Thesis Outline}{chapter.1}% 7
\BOOKMARK [0][]{chapter.2}{2 Related Research}{}% 8
\BOOKMARK [1][]{section.2.1}{2.1 Good Stories}{chapter.2}% 9
\BOOKMARK [2][]{subsection.2.1.1}{2.1.1 Structure}{section.2.1}% 10
\BOOKMARK [2][]{subsection.2.1.2}{2.1.2 Wiki page}{section.2.1}% 11
\BOOKMARK [1][]{section.2.2}{2.2 Another Section}{chapter.2}% 12
\BOOKMARK [2][]{subsection.2.2.1}{2.2.1 Another Subsection}{section.2.2}% 13
\BOOKMARK [3][]{subsubsection.2.2.1.1}{2.2.1.1 Another Subsubsection Title}{subsection.2.2.1}% 14
\BOOKMARK [0][]{chapter.3}{3 Chapter 3}{}% 15
\BOOKMARK [1][]{section.3.1}{3.1 Insert a Figure}{chapter.3}% 16
\BOOKMARK [1][]{section.3.2}{3.2 Creating a list}{chapter.3}% 17
\BOOKMARK [2][]{subsection.3.2.1}{3.2.1 Creating a Table}{section.3.2}% 18
\BOOKMARK [1][]{section.3.3}{3.3 Quote}{chapter.3}% 19
\BOOKMARK [0][]{chapter.4}{4 Math formulae in Latex}{}% 20
\BOOKMARK [1][]{section.4.1}{4.1 Math}{chapter.4}% 21
\BOOKMARK [0][]{chapter.5}{5 Chapter 5}{}% 22
\BOOKMARK [1][]{section.5.1}{5.1 References}{chapter.5}% 23
\BOOKMARK [0][]{chapter.6}{6 Conclusions and Future Directions}{}% 24
\BOOKMARK [1][]{section.6.1}{6.1 Summary}{chapter.6}% 25
\BOOKMARK [1][]{section.6.2}{6.2 Conclusions}{chapter.6}% 26
\BOOKMARK [1][]{section.6.3}{6.3 Contributions}{chapter.6}% 27
\BOOKMARK [1][]{section.6.4}{6.4 Future Work}{chapter.6}% 28
\BOOKMARK [0][]{figure.caption.8}{Appendix A: Insert figure in Appendix}{}% 29
\BOOKMARK [0][]{section*.10}{Appendix B: Insert Text in Appendix}{}% 30
\BOOKMARK [0][]{lstnumber.-1.143}{Appendix C: Insert C++/Java et al. Code in Appendix}{}% 31
\BOOKMARK [0][]{appendix*.13}{References}{}% 32
