\BOOKMARK [0][]{chapter*.2}{List of Tables}{}% 1
\BOOKMARK [0][]{chapter*.3}{List of Figures}{}% 2
\BOOKMARK [0][]{chapter.1}{1 Introduction}{}% 3
\BOOKMARK [1][]{section.1.1}{1.1 Aims and Objectives}{chapter.1}% 4
\BOOKMARK [1][]{section.1.2}{1.2 Methodology}{chapter.1}% 5
\BOOKMARK [1][]{section.1.3}{1.3 Research Contribution}{chapter.1}% 6
\BOOKMARK [1][]{section.1.4}{1.4 Report Outline}{chapter.1}% 7
\BOOKMARK [0][]{chapter.2}{2 Related Research}{}% 8
\BOOKMARK [1][]{section.2.1}{2.1 Stories}{chapter.2}% 9
\BOOKMARK [2][]{subsection.2.1.1}{2.1.1 Structure}{section.2.1}% 10
\BOOKMARK [2][]{subsection.2.1.2}{2.1.2 Elements}{section.2.1}% 11
\BOOKMARK [2][]{subsection.2.1.3}{2.1.3 Evaluation}{section.2.1}% 12
\BOOKMARK [1][]{section.2.2}{2.2 Formulations}{chapter.2}% 13
\BOOKMARK [2][]{subsection.2.2.1}{2.2.1 Abstractions}{section.2.2}% 14
\BOOKMARK [1][]{section.2.3}{2.3 Technology}{chapter.2}% 15
\BOOKMARK [2][]{subsection.2.3.1}{2.3.1 NLP}{section.2.3}% 16
\BOOKMARK [2][]{subsection.2.3.2}{2.3.2 Grammars}{section.2.3}% 17
\BOOKMARK [2][]{subsection.2.3.3}{2.3.3 Neural Networks}{section.2.3}% 18
\BOOKMARK [3][]{subsubsection.2.3.3.1}{2.3.3.1 Recurrent Neural Networks \046 LSTMs}{subsection.2.3.3}% 19
\BOOKMARK [2][]{subsection.2.3.4}{2.3.4 Transformers}{section.2.3}% 20
\BOOKMARK [3][]{subsubsection.2.3.4.1}{2.3.4.1 BERT}{subsection.2.3.4}% 21
\BOOKMARK [3][]{subsubsection.2.3.4.2}{2.3.4.2 GPT}{subsection.2.3.4}% 22
\BOOKMARK [3][]{subsubsection.2.3.4.3}{2.3.4.3 GPT-2}{subsection.2.3.4}% 23
\BOOKMARK [0][]{chapter.3}{3 Chapter 3}{}% 24
\BOOKMARK [1][]{section.3.1}{3.1 Insert a Figure}{chapter.3}% 25
\BOOKMARK [1][]{section.3.2}{3.2 Creating a list}{chapter.3}% 26
\BOOKMARK [2][]{subsection.3.2.1}{3.2.1 Creating a Table}{section.3.2}% 27
\BOOKMARK [1][]{section.3.3}{3.3 Quote}{chapter.3}% 28
\BOOKMARK [0][]{chapter.4}{4 Math formulae in Latex}{}% 29
\BOOKMARK [1][]{section.4.1}{4.1 Math}{chapter.4}% 30
\BOOKMARK [0][]{chapter.5}{5 Chapter 5}{}% 31
\BOOKMARK [1][]{section.5.1}{5.1 References}{chapter.5}% 32
\BOOKMARK [0][]{chapter.6}{6 Conclusions and Future Directions}{}% 33
\BOOKMARK [1][]{section.6.1}{6.1 Summary}{chapter.6}% 34
\BOOKMARK [1][]{section.6.2}{6.2 Conclusions}{chapter.6}% 35
\BOOKMARK [1][]{section.6.3}{6.3 Contributions}{chapter.6}% 36
\BOOKMARK [1][]{section.6.4}{6.4 Future Work}{chapter.6}% 37
\BOOKMARK [0][]{figure.caption.8}{Appendix A: Insert figure in Appendix}{}% 38
\BOOKMARK [0][]{section*.10}{Appendix B: Insert Text in Appendix}{}% 39
\BOOKMARK [0][]{lstnumber.-1.143}{Appendix C: Insert C++/Java et al. Code in Appendix}{}% 40
\BOOKMARK [0][]{appendix*.13}{References}{}% 41
